/Users/chaoyanghe/opt/anaconda3/envs/distributed-training/bin/python /Users/chaoyanghe/sourcecode/distributed-deep-learning-on-cv-and-nlp/pipe_and_ddp/auto_pipe_test.py
Vision Transformer Configuration: classifier: token
hidden_size: 1280
patches:
  size: !!python/tuple
  - 14
  - 14
representation_size: null
transformer:
  attention_dropout_rate: 0.0
  dropout_rate: 0.1
  mlp_dim: 5120
  num_heads: 16
  num_layers: 32

model_size = 630.77761
num_layers = 32
num_layer_max_per_device = 0
----------------freeze layer number = 0---------------
[1.08416, 6.56128, 13.11616, 6.56128, 13.11616, 6.56128, 13.11616, 6.56128, 13.11616, 6.56128, 13.11616, 6.56128, 13.11616, 6.56128, 13.11616, 6.56128, 13.11616, 6.56128, 13.11616, 6.56128, 13.11616, 6.56128, 13.11616, 6.56128, 13.11616, 6.56128, 13.11616, 6.56128, 13.11616, 6.56128, 13.11616, 6.56128, 13.11616, 6.56128, 13.11616, 6.56128, 13.11616, 6.56128, 13.11616, 6.56128, 13.11616, 6.56128, 13.11616, 6.56128, 13.11616, 6.56128, 13.11616, 6.56128, 13.11616, 6.56128, 13.11616, 6.56128, 13.11616, 6.56128, 13.11616, 6.56128, 13.11616, 6.56128, 13.11616, 6.56128, 13.11616, 6.56128, 13.11616, 6.56128, 13.11616, 0.00256, 0.01281]
len(model) = 67
len(paras_size) = 67
total_param_size_to_be_assigned = 630.777610
max_params_in_balanced_partition - min_params_in_balanced_partition = 13.107190
max_params_in_balanced_partition - min_params_in_balanced_partition = 13.107190
{0: 9, 1: 8, 2: 8, 3: 8, 4: 8, 5: 8, 6: 9, 7: 9}
{0: 79.79392000000001, 1: 78.70976000000002, 2: 78.70976000000002, 3: 78.70976000000002, 4: 78.70976000000002, 5: 78.70976000000002, 6: 85.27104000000001, 7: 72.16385000000001}
self.max_parameter_per_gpu_at_beginning = 85.271040
----------------freeze layer number = 1---------------
[1.08416, 6.56128, 13.11616, 6.56128, 13.11616, 6.56128, 13.11616, 6.56128, 13.11616, 6.56128, 13.11616, 6.56128, 13.11616, 6.56128, 13.11616, 6.56128, 13.11616, 6.56128, 13.11616, 6.56128, 13.11616, 6.56128, 13.11616, 6.56128, 13.11616, 6.56128, 13.11616, 6.56128, 13.11616, 6.56128, 13.11616, 6.56128, 13.11616, 6.56128, 13.11616, 6.56128, 13.11616, 6.56128, 13.11616, 6.56128, 13.11616, 6.56128, 13.11616, 6.56128, 13.11616, 6.56128, 13.11616, 6.56128, 13.11616, 6.56128, 13.11616, 6.56128, 13.11616, 6.56128, 13.11616, 6.56128, 13.11616, 6.56128, 13.11616, 6.56128, 13.11616, 6.56128, 13.11616, 6.56128, 13.11616, 0.00256, 0.01281]
len(model) = 67
len(paras_size) = 67
----------start to detection---------
frozen_params = 20.761600
total_param_size_to_be_assigned = 610.016010
max_params_in_balanced_partition - min_params_in_balanced_partition = 9.655893
max_params_in_balanced_partition - min_params_in_balanced_partition = 6.545910
current_num_device = 8
frozen_params = 20.761600
total_param_size_to_be_assigned = 610.016010
max_params_in_balanced_partition - min_params_in_balanced_partition = 9.655893
max_params_in_balanced_partition - min_params_in_balanced_partition = 6.545910
{0: 10, 1: 8, 2: 8, 3: 8, 4: 8, 5: 8, 6: 8, 7: 9}
{0: 86.35520000000001, 1: 78.70976, 2: 78.70976, 3: 78.70976, 4: 78.70976, 5: 78.70976, 6: 78.70976, 7: 72.16385000000001}
----------------freeze layer number = 2---------------
[1.08416, 6.56128, 13.11616, 6.56128, 13.11616, 6.56128, 13.11616, 6.56128, 13.11616, 6.56128, 13.11616, 6.56128, 13.11616, 6.56128, 13.11616, 6.56128, 13.11616, 6.56128, 13.11616, 6.56128, 13.11616, 6.56128, 13.11616, 6.56128, 13.11616, 6.56128, 13.11616, 6.56128, 13.11616, 6.56128, 13.11616, 6.56128, 13.11616, 6.56128, 13.11616, 6.56128, 13.11616, 6.56128, 13.11616, 6.56128, 13.11616, 6.56128, 13.11616, 6.56128, 13.11616, 6.56128, 13.11616, 6.56128, 13.11616, 6.56128, 13.11616, 6.56128, 13.11616, 6.56128, 13.11616, 6.56128, 13.11616, 6.56128, 13.11616, 6.56128, 13.11616, 6.56128, 13.11616, 6.56128, 13.11616, 0.00256, 0.01281]
len(model) = 67
len(paras_size) = 67
----------start to detection---------
frozen_params = 40.439040
total_param_size_to_be_assigned = 590.338570
max_params_in_balanced_partition - min_params_in_balanced_partition = 13.116160
max_params_in_balanced_partition - min_params_in_balanced_partition = 13.116160
current_num_device = 8
frozen_params = 40.439040
total_param_size_to_be_assigned = 590.338570
max_params_in_balanced_partition - min_params_in_balanced_partition = 13.116160
max_params_in_balanced_partition - min_params_in_balanced_partition = 13.116160
{0: 12, 1: 7, 2: 7, 3: 8, 4: 8, 5: 8, 6: 8, 7: 9}
{0: 106.03264, 1: 72.14848, 2: 65.59360000000001, 3: 78.70976, 4: 78.70976, 5: 78.70976, 6: 78.70976, 7: 72.16385000000001}
----------------freeze layer number = 3---------------
[1.08416, 6.56128, 13.11616, 6.56128, 13.11616, 6.56128, 13.11616, 6.56128, 13.11616, 6.56128, 13.11616, 6.56128, 13.11616, 6.56128, 13.11616, 6.56128, 13.11616, 6.56128, 13.11616, 6.56128, 13.11616, 6.56128, 13.11616, 6.56128, 13.11616, 6.56128, 13.11616, 6.56128, 13.11616, 6.56128, 13.11616, 6.56128, 13.11616, 6.56128, 13.11616, 6.56128, 13.11616, 6.56128, 13.11616, 6.56128, 13.11616, 6.56128, 13.11616, 6.56128, 13.11616, 6.56128, 13.11616, 6.56128, 13.11616, 6.56128, 13.11616, 6.56128, 13.11616, 6.56128, 13.11616, 6.56128, 13.11616, 6.56128, 13.11616, 6.56128, 13.11616, 6.56128, 13.11616, 6.56128, 13.11616, 0.00256, 0.01281]
len(model) = 67
len(paras_size) = 67
----------start to detection---------
frozen_params = 60.116480
total_param_size_to_be_assigned = 570.661130
max_params_in_balanced_partition - min_params_in_balanced_partition = 16.228277
max_params_in_balanced_partition - min_params_in_balanced_partition = 6.570250
current_num_device = 8
frozen_params = 60.116480
total_param_size_to_be_assigned = 570.661130
max_params_in_balanced_partition - min_params_in_balanced_partition = 13.116160
max_params_in_balanced_partition - min_params_in_balanced_partition = 13.116160
{0: 13, 1: 7, 2: 7, 3: 7, 4: 8, 5: 8, 6: 8, 7: 9}
{0: 119.1488, 1: 65.59360000000001, 2: 72.14848, 3: 65.59360000000001, 4: 78.70976, 5: 78.70976, 6: 78.70976, 7: 72.16385000000001}
----------------freeze layer number = 4---------------
[1.08416, 6.56128, 13.11616, 6.56128, 13.11616, 6.56128, 13.11616, 6.56128, 13.11616, 6.56128, 13.11616, 6.56128, 13.11616, 6.56128, 13.11616, 6.56128, 13.11616, 6.56128, 13.11616, 6.56128, 13.11616, 6.56128, 13.11616, 6.56128, 13.11616, 6.56128, 13.11616, 6.56128, 13.11616, 6.56128, 13.11616, 6.56128, 13.11616, 6.56128, 13.11616, 6.56128, 13.11616, 6.56128, 13.11616, 6.56128, 13.11616, 6.56128, 13.11616, 6.56128, 13.11616, 6.56128, 13.11616, 6.56128, 13.11616, 6.56128, 13.11616, 6.56128, 13.11616, 6.56128, 13.11616, 6.56128, 13.11616, 6.56128, 13.11616, 6.56128, 13.11616, 6.56128, 13.11616, 6.56128, 13.11616, 0.00256, 0.01281]
len(model) = 67
len(paras_size) = 67
----------start to detection---------
frozen_params = 79.793920
total_param_size_to_be_assigned = 550.983690
max_params_in_balanced_partition - min_params_in_balanced_partition = 13.116160
max_params_in_balanced_partition - min_params_in_balanced_partition = 13.116160
current_num_device = 8
frozen_params = 79.793920
total_param_size_to_be_assigned = 550.983690
max_params_in_balanced_partition - min_params_in_balanced_partition = 19.494613
max_params_in_balanced_partition - min_params_in_balanced_partition = 13.116160
{0: 14, 1: 7, 2: 7, 3: 7, 4: 7, 5: 8, 6: 8, 7: 9}
{0: 125.71007999999999, 1: 72.14848, 2: 65.59360000000001, 3: 72.14848, 4: 65.59360000000001, 5: 78.70976, 6: 78.70976, 7: 72.16385000000001}
----------------freeze layer number = 5---------------
[1.08416, 6.56128, 13.11616, 6.56128, 13.11616, 6.56128, 13.11616, 6.56128, 13.11616, 6.56128, 13.11616, 6.56128, 13.11616, 6.56128, 13.11616, 6.56128, 13.11616, 6.56128, 13.11616, 6.56128, 13.11616, 6.56128, 13.11616, 6.56128, 13.11616, 6.56128, 13.11616, 6.56128, 13.11616, 6.56128, 13.11616, 6.56128, 13.11616, 6.56128, 13.11616, 6.56128, 13.11616, 6.56128, 13.11616, 6.56128, 13.11616, 6.56128, 13.11616, 6.56128, 13.11616, 6.56128, 13.11616, 6.56128, 13.11616, 6.56128, 13.11616, 6.56128, 13.11616, 6.56128, 13.11616, 6.56128, 13.11616, 6.56128, 13.11616, 6.56128, 13.11616, 6.56128, 13.11616, 6.56128, 13.11616, 0.00256, 0.01281]
len(model) = 67
len(paras_size) = 67
----------start to detection---------
frozen_params = 99.471360
total_param_size_to_be_assigned = 531.306250
max_params_in_balanced_partition - min_params_in_balanced_partition = 13.107190
max_params_in_balanced_partition - min_params_in_balanced_partition = 13.107190
current_num_device = 8
frozen_params = 99.471360
total_param_size_to_be_assigned = 531.306250
max_params_in_balanced_partition - min_params_in_balanced_partition = 19.677440
max_params_in_balanced_partition - min_params_in_balanced_partition = 19.677440
{0: 16, 1: 6, 2: 7, 3: 7, 4: 7, 5: 7, 6: 8, 7: 9}
{0: 145.38752, 1: 59.03232, 2: 72.14848, 3: 65.59360000000001, 4: 72.14848, 5: 65.59360000000001, 6: 78.70976, 7: 72.16385000000001}
----------------freeze layer number = 6---------------
[1.08416, 6.56128, 13.11616, 6.56128, 13.11616, 6.56128, 13.11616, 6.56128, 13.11616, 6.56128, 13.11616, 6.56128, 13.11616, 6.56128, 13.11616, 6.56128, 13.11616, 6.56128, 13.11616, 6.56128, 13.11616, 6.56128, 13.11616, 6.56128, 13.11616, 6.56128, 13.11616, 6.56128, 13.11616, 6.56128, 13.11616, 6.56128, 13.11616, 6.56128, 13.11616, 6.56128, 13.11616, 6.56128, 13.11616, 6.56128, 13.11616, 6.56128, 13.11616, 6.56128, 13.11616, 6.56128, 13.11616, 6.56128, 13.11616, 6.56128, 13.11616, 6.56128, 13.11616, 6.56128, 13.11616, 6.56128, 13.11616, 6.56128, 13.11616, 6.56128, 13.11616, 6.56128, 13.11616, 6.56128, 13.11616, 0.00256, 0.01281]
len(model) = 67
len(paras_size) = 67
----------start to detection---------
frozen_params = 119.148800
total_param_size_to_be_assigned = 511.628810
max_params_in_balanced_partition - min_params_in_balanced_partition = 12.935467
max_params_in_balanced_partition - min_params_in_balanced_partition = 6.545910
current_num_device = 8
frozen_params = 119.148800
total_param_size_to_be_assigned = 511.628810
max_params_in_balanced_partition - min_params_in_balanced_partition = 19.677440
max_params_in_balanced_partition - min_params_in_balanced_partition = 19.677440
{0: 17, 1: 7, 2: 6, 3: 7, 4: 7, 5: 7, 6: 8, 7: 8}
{0: 158.50368, 1: 65.59360000000001, 2: 59.03232, 3: 72.14848, 4: 65.59360000000001, 5: 72.14848, 6: 78.70976000000002, 7: 59.04769000000001}
----------------freeze layer number = 7---------------
[1.08416, 6.56128, 13.11616, 6.56128, 13.11616, 6.56128, 13.11616, 6.56128, 13.11616, 6.56128, 13.11616, 6.56128, 13.11616, 6.56128, 13.11616, 6.56128, 13.11616, 6.56128, 13.11616, 6.56128, 13.11616, 6.56128, 13.11616, 6.56128, 13.11616, 6.56128, 13.11616, 6.56128, 13.11616, 6.56128, 13.11616, 6.56128, 13.11616, 6.56128, 13.11616, 6.56128, 13.11616, 6.56128, 13.11616, 6.56128, 13.11616, 6.56128, 13.11616, 6.56128, 13.11616, 6.56128, 13.11616, 6.56128, 13.11616, 6.56128, 13.11616, 6.56128, 13.11616, 6.56128, 13.11616, 6.56128, 13.11616, 6.56128, 13.11616, 6.56128, 13.11616, 6.56128, 13.11616, 6.56128, 13.11616, 0.00256, 0.01281]
len(model) = 67
len(paras_size) = 67
----------start to detection---------
frozen_params = 138.826240
total_param_size_to_be_assigned = 491.951370
max_params_in_balanced_partition - min_params_in_balanced_partition = 16.217173
max_params_in_balanced_partition - min_params_in_balanced_partition = 13.116160
current_num_device = 8
frozen_params = 138.826240
total_param_size_to_be_assigned = 491.951370
max_params_in_balanced_partition - min_params_in_balanced_partition = 19.677440
max_params_in_balanced_partition - min_params_in_balanced_partition = 19.677440
{0: 19, 1: 7, 2: 6, 3: 6, 4: 6, 5: 7, 6: 8, 7: 8}
{0: 178.18112000000002, 1: 65.59360000000001, 2: 59.03232, 3: 59.03232, 4: 59.03232, 5: 72.14848, 6: 78.70976000000002, 7: 59.04769000000001}
----------------freeze layer number = 8---------------
[1.08416, 6.56128, 13.11616, 6.56128, 13.11616, 6.56128, 13.11616, 6.56128, 13.11616, 6.56128, 13.11616, 6.56128, 13.11616, 6.56128, 13.11616, 6.56128, 13.11616, 6.56128, 13.11616, 6.56128, 13.11616, 6.56128, 13.11616, 6.56128, 13.11616, 6.56128, 13.11616, 6.56128, 13.11616, 6.56128, 13.11616, 6.56128, 13.11616, 6.56128, 13.11616, 6.56128, 13.11616, 6.56128, 13.11616, 6.56128, 13.11616, 6.56128, 13.11616, 6.56128, 13.11616, 6.56128, 13.11616, 6.56128, 13.11616, 6.56128, 13.11616, 6.56128, 13.11616, 6.56128, 13.11616, 6.56128, 13.11616, 6.56128, 13.11616, 6.56128, 13.11616, 6.56128, 13.11616, 6.56128, 13.11616, 0.00256, 0.01281]
len(model) = 67
len(paras_size) = 67
----------start to detection---------
frozen_params = 158.503680
total_param_size_to_be_assigned = 472.273930
max_params_in_balanced_partition - min_params_in_balanced_partition = 19.507850
max_params_in_balanced_partition - min_params_in_balanced_partition = 6.570250
current_num_device = 8
frozen_params = 158.503680
total_param_size_to_be_assigned = 472.273930
max_params_in_balanced_partition - min_params_in_balanced_partition = 26.053760
max_params_in_balanced_partition - min_params_in_balanced_partition = 19.677440
{0: 20, 1: 6, 2: 6, 3: 6, 4: 6, 5: 7, 6: 8, 7: 8}
{0: 184.74240000000003, 1: 59.03232, 2: 59.03232, 3: 59.03232, 4: 59.03232, 5: 72.14848, 6: 78.70976000000002, 7: 59.04769000000001}
----------------freeze layer number = 9---------------
[1.08416, 6.56128, 13.11616, 6.56128, 13.11616, 6.56128, 13.11616, 6.56128, 13.11616, 6.56128, 13.11616, 6.56128, 13.11616, 6.56128, 13.11616, 6.56128, 13.11616, 6.56128, 13.11616, 6.56128, 13.11616, 6.56128, 13.11616, 6.56128, 13.11616, 6.56128, 13.11616, 6.56128, 13.11616, 6.56128, 13.11616, 6.56128, 13.11616, 6.56128, 13.11616, 6.56128, 13.11616, 6.56128, 13.11616, 6.56128, 13.11616, 6.56128, 13.11616, 6.56128, 13.11616, 6.56128, 13.11616, 6.56128, 13.11616, 6.56128, 13.11616, 6.56128, 13.11616, 6.56128, 13.11616, 6.56128, 13.11616, 6.56128, 13.11616, 6.56128, 13.11616, 6.56128, 13.11616, 6.56128, 13.11616, 0.00256, 0.01281]
len(model) = 67
len(paras_size) = 67
----------start to detection---------
frozen_params = 178.181120
total_param_size_to_be_assigned = 452.596490
max_params_in_balanced_partition - min_params_in_balanced_partition = 16.212907
max_params_in_balanced_partition - min_params_in_balanced_partition = 13.116160
current_num_device = 8
frozen_params = 178.181120
total_param_size_to_be_assigned = 452.596490
max_params_in_balanced_partition - min_params_in_balanced_partition = 16.212907
max_params_in_balanced_partition - min_params_in_balanced_partition = 13.116160
{0: 22, 1: 6, 2: 6, 3: 6, 4: 6, 5: 6, 6: 7, 7: 8}
{0: 204.41984000000005, 1: 59.03232, 2: 59.03232, 3: 59.03232, 4: 59.03232, 5: 59.03232, 6: 72.14848, 7: 59.04769000000001}
----------------freeze layer number = 10---------------
[1.08416, 6.56128, 13.11616, 6.56128, 13.11616, 6.56128, 13.11616, 6.56128, 13.11616, 6.56128, 13.11616, 6.56128, 13.11616, 6.56128, 13.11616, 6.56128, 13.11616, 6.56128, 13.11616, 6.56128, 13.11616, 6.56128, 13.11616, 6.56128, 13.11616, 6.56128, 13.11616, 6.56128, 13.11616, 6.56128, 13.11616, 6.56128, 13.11616, 6.56128, 13.11616, 6.56128, 13.11616, 6.56128, 13.11616, 6.56128, 13.11616, 6.56128, 13.11616, 6.56128, 13.11616, 6.56128, 13.11616, 6.56128, 13.11616, 6.56128, 13.11616, 6.56128, 13.11616, 6.56128, 13.11616, 6.56128, 13.11616, 6.56128, 13.11616, 6.56128, 13.11616, 6.56128, 13.11616, 6.56128, 13.11616, 0.00256, 0.01281]
len(model) = 67
len(paras_size) = 67
----------start to detection---------
frozen_params = 197.858560
total_param_size_to_be_assigned = 432.919050
max_params_in_balanced_partition - min_params_in_balanced_partition = 13.107190
max_params_in_balanced_partition - min_params_in_balanced_partition = 13.107190
current_num_device = 8
frozen_params = 197.858560
total_param_size_to_be_assigned = 432.919050
max_params_in_balanced_partition - min_params_in_balanced_partition = 13.107190
max_params_in_balanced_partition - min_params_in_balanced_partition = 13.107190
{0: 23, 1: 6, 2: 6, 3: 6, 4: 6, 5: 6, 6: 7, 7: 7}
{0: 217.53600000000006, 1: 59.032320000000006, 2: 59.032320000000006, 3: 59.032320000000006, 4: 59.032320000000006, 5: 59.032320000000006, 6: 65.59360000000001, 7: 52.48641}
----------------freeze layer number = 11---------------
[1.08416, 6.56128, 13.11616, 6.56128, 13.11616, 6.56128, 13.11616, 6.56128, 13.11616, 6.56128, 13.11616, 6.56128, 13.11616, 6.56128, 13.11616, 6.56128, 13.11616, 6.56128, 13.11616, 6.56128, 13.11616, 6.56128, 13.11616, 6.56128, 13.11616, 6.56128, 13.11616, 6.56128, 13.11616, 6.56128, 13.11616, 6.56128, 13.11616, 6.56128, 13.11616, 6.56128, 13.11616, 6.56128, 13.11616, 6.56128, 13.11616, 6.56128, 13.11616, 6.56128, 13.11616, 6.56128, 13.11616, 6.56128, 13.11616, 6.56128, 13.11616, 6.56128, 13.11616, 6.56128, 13.11616, 6.56128, 13.11616, 6.56128, 13.11616, 6.56128, 13.11616, 6.56128, 13.11616, 6.56128, 13.11616, 0.00256, 0.01281]
len(model) = 67
len(paras_size) = 67
----------start to detection---------
frozen_params = 217.536000
total_param_size_to_be_assigned = 413.241610
max_params_in_balanced_partition - min_params_in_balanced_partition = 16.215040
max_params_in_balanced_partition - min_params_in_balanced_partition = 6.545910
current_num_device = 8
frozen_params = 217.536000
total_param_size_to_be_assigned = 413.241610
max_params_in_balanced_partition - min_params_in_balanced_partition = 16.215040
max_params_in_balanced_partition - min_params_in_balanced_partition = 6.545910
{0: 24, 1: 6, 2: 6, 3: 6, 4: 6, 5: 6, 6: 6, 7: 7}
{0: 224.09728000000007, 1: 59.03232, 2: 59.03232, 3: 59.03232, 4: 59.03232, 5: 59.03232, 6: 59.03232, 7: 52.48641}
----------------freeze layer number = 12---------------
[1.08416, 6.56128, 13.11616, 6.56128, 13.11616, 6.56128, 13.11616, 6.56128, 13.11616, 6.56128, 13.11616, 6.56128, 13.11616, 6.56128, 13.11616, 6.56128, 13.11616, 6.56128, 13.11616, 6.56128, 13.11616, 6.56128, 13.11616, 6.56128, 13.11616, 6.56128, 13.11616, 6.56128, 13.11616, 6.56128, 13.11616, 6.56128, 13.11616, 6.56128, 13.11616, 6.56128, 13.11616, 6.56128, 13.11616, 6.56128, 13.11616, 6.56128, 13.11616, 6.56128, 13.11616, 6.56128, 13.11616, 6.56128, 13.11616, 6.56128, 13.11616, 6.56128, 13.11616, 6.56128, 13.11616, 6.56128, 13.11616, 6.56128, 13.11616, 6.56128, 13.11616, 6.56128, 13.11616, 6.56128, 13.11616, 0.00256, 0.01281]
len(model) = 67
len(paras_size) = 67
----------start to detection---------
frozen_params = 237.213440
total_param_size_to_be_assigned = 393.564170
max_params_in_balanced_partition - min_params_in_balanced_partition = 19.496747
max_params_in_balanced_partition - min_params_in_balanced_partition = 13.116160
current_num_device = 8
frozen_params = 237.213440
total_param_size_to_be_assigned = 393.564170
max_params_in_balanced_partition - min_params_in_balanced_partition = 13.116160
max_params_in_balanced_partition - min_params_in_balanced_partition = 13.116160
{0: 26, 1: 5, 2: 5, 3: 6, 4: 6, 5: 6, 6: 6, 7: 7}
{0: 243.7747200000001, 1: 52.471039999999995, 2: 45.916160000000005, 3: 59.03232, 4: 59.03232, 5: 59.03232, 6: 59.03232, 7: 52.48641}
----------------freeze layer number = 13---------------
[1.08416, 6.56128, 13.11616, 6.56128, 13.11616, 6.56128, 13.11616, 6.56128, 13.11616, 6.56128, 13.11616, 6.56128, 13.11616, 6.56128, 13.11616, 6.56128, 13.11616, 6.56128, 13.11616, 6.56128, 13.11616, 6.56128, 13.11616, 6.56128, 13.11616, 6.56128, 13.11616, 6.56128, 13.11616, 6.56128, 13.11616, 6.56128, 13.11616, 6.56128, 13.11616, 6.56128, 13.11616, 6.56128, 13.11616, 6.56128, 13.11616, 6.56128, 13.11616, 6.56128, 13.11616, 6.56128, 13.11616, 6.56128, 13.11616, 6.56128, 13.11616, 6.56128, 13.11616, 6.56128, 13.11616, 6.56128, 13.11616, 6.56128, 13.11616, 6.56128, 13.11616, 6.56128, 13.11616, 6.56128, 13.11616, 0.00256, 0.01281]
len(model) = 67
len(paras_size) = 67
----------start to detection---------
frozen_params = 256.890880
total_param_size_to_be_assigned = 373.886730
max_params_in_balanced_partition - min_params_in_balanced_partition = 22.787423
max_params_in_balanced_partition - min_params_in_balanced_partition = 6.570250
current_num_device = 8
frozen_params = 256.890880
total_param_size_to_be_assigned = 373.886730
max_params_in_balanced_partition - min_params_in_balanced_partition = 16.217173
max_params_in_balanced_partition - min_params_in_balanced_partition = 13.116160
{0: 27, 1: 5, 2: 5, 3: 5, 4: 6, 5: 6, 6: 6, 7: 7}
{0: 256.8908800000001, 1: 45.916160000000005, 2: 52.471039999999995, 3: 45.916160000000005, 4: 59.03232, 5: 59.03232, 6: 59.03232, 7: 52.48641}
----------------freeze layer number = 14---------------
[1.08416, 6.56128, 13.11616, 6.56128, 13.11616, 6.56128, 13.11616, 6.56128, 13.11616, 6.56128, 13.11616, 6.56128, 13.11616, 6.56128, 13.11616, 6.56128, 13.11616, 6.56128, 13.11616, 6.56128, 13.11616, 6.56128, 13.11616, 6.56128, 13.11616, 6.56128, 13.11616, 6.56128, 13.11616, 6.56128, 13.11616, 6.56128, 13.11616, 6.56128, 13.11616, 6.56128, 13.11616, 6.56128, 13.11616, 6.56128, 13.11616, 6.56128, 13.11616, 6.56128, 13.11616, 6.56128, 13.11616, 6.56128, 13.11616, 6.56128, 13.11616, 6.56128, 13.11616, 6.56128, 13.11616, 6.56128, 13.11616, 6.56128, 13.11616, 6.56128, 13.11616, 6.56128, 13.11616, 6.56128, 13.11616, 0.00256, 0.01281]
len(model) = 67
len(paras_size) = 67
----------start to detection---------
frozen_params = 276.568320
total_param_size_to_be_assigned = 354.209290
max_params_in_balanced_partition - min_params_in_balanced_partition = 19.492480
max_params_in_balanced_partition - min_params_in_balanced_partition = 13.116160
current_num_device = 8
frozen_params = 276.568320
total_param_size_to_be_assigned = 354.209290
max_params_in_balanced_partition - min_params_in_balanced_partition = 13.116160
max_params_in_balanced_partition - min_params_in_balanced_partition = 13.116160
{0: 29, 1: 5, 2: 5, 3: 5, 4: 5, 5: 5, 6: 6, 7: 7}
{0: 276.5683200000001, 1: 45.916160000000005, 2: 52.471039999999995, 3: 45.916160000000005, 4: 52.471039999999995, 5: 45.916160000000005, 6: 59.03232, 7: 52.48641}
----------------freeze layer number = 15---------------
[1.08416, 6.56128, 13.11616, 6.56128, 13.11616, 6.56128, 13.11616, 6.56128, 13.11616, 6.56128, 13.11616, 6.56128, 13.11616, 6.56128, 13.11616, 6.56128, 13.11616, 6.56128, 13.11616, 6.56128, 13.11616, 6.56128, 13.11616, 6.56128, 13.11616, 6.56128, 13.11616, 6.56128, 13.11616, 6.56128, 13.11616, 6.56128, 13.11616, 6.56128, 13.11616, 6.56128, 13.11616, 6.56128, 13.11616, 6.56128, 13.11616, 6.56128, 13.11616, 6.56128, 13.11616, 6.56128, 13.11616, 6.56128, 13.11616, 6.56128, 13.11616, 6.56128, 13.11616, 6.56128, 13.11616, 6.56128, 13.11616, 6.56128, 13.11616, 6.56128, 13.11616, 6.56128, 13.11616, 6.56128, 13.11616, 0.00256, 0.01281]
len(model) = 67
len(paras_size) = 67
----------start to detection---------
frozen_params = 296.245760
total_param_size_to_be_assigned = 334.531850
max_params_in_balanced_partition - min_params_in_balanced_partition = 35.890347
max_params_in_balanced_partition - min_params_in_balanced_partition = 13.116160
current_num_device = 8
frozen_params = 296.245760
total_param_size_to_be_assigned = 334.531850
max_params_in_balanced_partition - min_params_in_balanced_partition = 19.677440
max_params_in_balanced_partition - min_params_in_balanced_partition = 19.677440
{0: 31, 1: 5, 2: 4, 3: 5, 4: 5, 5: 5, 6: 6, 7: 6}
{0: 296.2457600000001, 1: 45.916160000000005, 2: 39.354879999999994, 3: 52.471039999999995, 4: 45.916160000000005, 5: 52.471039999999995, 6: 59.032320000000006, 7: 39.370250000000006}
----------------freeze layer number = 16---------------
[1.08416, 6.56128, 13.11616, 6.56128, 13.11616, 6.56128, 13.11616, 6.56128, 13.11616, 6.56128, 13.11616, 6.56128, 13.11616, 6.56128, 13.11616, 6.56128, 13.11616, 6.56128, 13.11616, 6.56128, 13.11616, 6.56128, 13.11616, 6.56128, 13.11616, 6.56128, 13.11616, 6.56128, 13.11616, 6.56128, 13.11616, 6.56128, 13.11616, 6.56128, 13.11616, 6.56128, 13.11616, 6.56128, 13.11616, 6.56128, 13.11616, 6.56128, 13.11616, 6.56128, 13.11616, 6.56128, 13.11616, 6.56128, 13.11616, 6.56128, 13.11616, 6.56128, 13.11616, 6.56128, 13.11616, 6.56128, 13.11616, 6.56128, 13.11616, 6.56128, 13.11616, 6.56128, 13.11616, 6.56128, 13.11616, 0.00256, 0.01281]
len(model) = 67
len(paras_size) = 67
----------start to detection---------
frozen_params = 315.923200
total_param_size_to_be_assigned = 314.854410
max_params_in_balanced_partition - min_params_in_balanced_partition = 19.494613
max_params_in_balanced_partition - min_params_in_balanced_partition = 6.545910
current_num_device = 8
frozen_params = 315.923200
total_param_size_to_be_assigned = 314.854410
max_params_in_balanced_partition - min_params_in_balanced_partition = 19.677440
max_params_in_balanced_partition - min_params_in_balanced_partition = 19.677440
{0: 33, 1: 5, 2: 4, 3: 4, 4: 4, 5: 5, 6: 6, 7: 6}
{0: 315.92320000000007, 1: 45.916160000000005, 2: 39.354879999999994, 3: 39.354879999999994, 4: 39.354879999999994, 5: 52.471039999999995, 6: 59.032320000000006, 7: 39.370250000000006}
----------------freeze layer number = 17---------------
[1.08416, 6.56128, 13.11616, 6.56128, 13.11616, 6.56128, 13.11616, 6.56128, 13.11616, 6.56128, 13.11616, 6.56128, 13.11616, 6.56128, 13.11616, 6.56128, 13.11616, 6.56128, 13.11616, 6.56128, 13.11616, 6.56128, 13.11616, 6.56128, 13.11616, 6.56128, 13.11616, 6.56128, 13.11616, 6.56128, 13.11616, 6.56128, 13.11616, 6.56128, 13.11616, 6.56128, 13.11616, 6.56128, 13.11616, 6.56128, 13.11616, 6.56128, 13.11616, 6.56128, 13.11616, 6.56128, 13.11616, 6.56128, 13.11616, 6.56128, 13.11616, 6.56128, 13.11616, 6.56128, 13.11616, 6.56128, 13.11616, 6.56128, 13.11616, 6.56128, 13.11616, 6.56128, 13.11616, 6.56128, 13.11616, 0.00256, 0.01281]
len(model) = 67
len(paras_size) = 67
----------start to detection---------
frozen_params = 335.600640
total_param_size_to_be_assigned = 295.176970
max_params_in_balanced_partition - min_params_in_balanced_partition = 22.776320
max_params_in_balanced_partition - min_params_in_balanced_partition = 13.116160
current_num_device = 8
frozen_params = 335.600640
total_param_size_to_be_assigned = 295.176970
max_params_in_balanced_partition - min_params_in_balanced_partition = 16.578560
max_params_in_balanced_partition - min_params_in_balanced_partition = 13.116160
{0: 35, 1: 4, 2: 4, 3: 5, 4: 4, 5: 4, 6: 5, 7: 6}
{0: 335.60064000000006, 1: 39.35488, 2: 39.35488, 3: 45.916160000000005, 4: 39.354879999999994, 5: 39.354879999999994, 6: 52.471039999999995, 7: 39.370250000000006}
----------------freeze layer number = 18---------------
[1.08416, 6.56128, 13.11616, 6.56128, 13.11616, 6.56128, 13.11616, 6.56128, 13.11616, 6.56128, 13.11616, 6.56128, 13.11616, 6.56128, 13.11616, 6.56128, 13.11616, 6.56128, 13.11616, 6.56128, 13.11616, 6.56128, 13.11616, 6.56128, 13.11616, 6.56128, 13.11616, 6.56128, 13.11616, 6.56128, 13.11616, 6.56128, 13.11616, 6.56128, 13.11616, 6.56128, 13.11616, 6.56128, 13.11616, 6.56128, 13.11616, 6.56128, 13.11616, 6.56128, 13.11616, 6.56128, 13.11616, 6.56128, 13.11616, 6.56128, 13.11616, 6.56128, 13.11616, 6.56128, 13.11616, 6.56128, 13.11616, 6.56128, 13.11616, 6.56128, 13.11616, 6.56128, 13.11616, 6.56128, 13.11616, 0.00256, 0.01281]
len(model) = 67
len(paras_size) = 67
----------start to detection---------
frozen_params = 355.278080
total_param_size_to_be_assigned = 275.499530
max_params_in_balanced_partition - min_params_in_balanced_partition = 26.066997
max_params_in_balanced_partition - min_params_in_balanced_partition = 6.570250
current_num_device = 8
frozen_params = 355.278080
total_param_size_to_be_assigned = 275.499530
max_params_in_balanced_partition - min_params_in_balanced_partition = 26.404043
max_params_in_balanced_partition - min_params_in_balanced_partition = 13.107190
{0: 37, 1: 4, 2: 4, 3: 4, 4: 4, 5: 5, 6: 4, 7: 5}
{0: 355.27808000000005, 1: 39.35488, 2: 39.35488, 3: 39.35488, 4: 39.35488, 5: 45.916160000000005, 6: 39.354879999999994, 7: 32.80897}
----------------freeze layer number = 19---------------
[1.08416, 6.56128, 13.11616, 6.56128, 13.11616, 6.56128, 13.11616, 6.56128, 13.11616, 6.56128, 13.11616, 6.56128, 13.11616, 6.56128, 13.11616, 6.56128, 13.11616, 6.56128, 13.11616, 6.56128, 13.11616, 6.56128, 13.11616, 6.56128, 13.11616, 6.56128, 13.11616, 6.56128, 13.11616, 6.56128, 13.11616, 6.56128, 13.11616, 6.56128, 13.11616, 6.56128, 13.11616, 6.56128, 13.11616, 6.56128, 13.11616, 6.56128, 13.11616, 6.56128, 13.11616, 6.56128, 13.11616, 6.56128, 13.11616, 6.56128, 13.11616, 6.56128, 13.11616, 6.56128, 13.11616, 6.56128, 13.11616, 6.56128, 13.11616, 6.56128, 13.11616, 6.56128, 13.11616, 6.56128, 13.11616, 0.00256, 0.01281]
len(model) = 67
len(paras_size) = 67
----------start to detection---------
frozen_params = 374.955520
total_param_size_to_be_assigned = 255.822090
max_params_in_balanced_partition - min_params_in_balanced_partition = 29.333333
max_params_in_balanced_partition - min_params_in_balanced_partition = 13.100790
current_num_device = 8
frozen_params = 374.955520
total_param_size_to_be_assigned = 255.822090
max_params_in_balanced_partition - min_params_in_balanced_partition = 36.253867
max_params_in_balanced_partition - min_params_in_balanced_partition = 13.116160
{0: 39, 1: 3, 2: 4, 3: 4, 4: 4, 5: 4, 6: 4, 7: 5}
{0: 374.95552000000004, 1: 26.23872, 2: 39.354879999999994, 3: 39.354879999999994, 4: 39.354879999999994, 5: 39.354879999999994, 6: 39.354879999999994, 7: 32.80897}
----------------freeze layer number = 20---------------
[1.08416, 6.56128, 13.11616, 6.56128, 13.11616, 6.56128, 13.11616, 6.56128, 13.11616, 6.56128, 13.11616, 6.56128, 13.11616, 6.56128, 13.11616, 6.56128, 13.11616, 6.56128, 13.11616, 6.56128, 13.11616, 6.56128, 13.11616, 6.56128, 13.11616, 6.56128, 13.11616, 6.56128, 13.11616, 6.56128, 13.11616, 6.56128, 13.11616, 6.56128, 13.11616, 6.56128, 13.11616, 6.56128, 13.11616, 6.56128, 13.11616, 6.56128, 13.11616, 6.56128, 13.11616, 6.56128, 13.11616, 6.56128, 13.11616, 6.56128, 13.11616, 6.56128, 13.11616, 6.56128, 13.11616, 6.56128, 13.11616, 6.56128, 13.11616, 6.56128, 13.11616, 6.56128, 13.11616, 6.56128, 13.11616, 0.00256, 0.01281]
len(model) = 67
len(paras_size) = 67
----------start to detection---------
frozen_params = 394.632960
total_param_size_to_be_assigned = 236.144650
max_params_in_balanced_partition - min_params_in_balanced_partition = 19.498880
max_params_in_balanced_partition - min_params_in_balanced_partition = 13.107190
#########    add pipe    #######
current_num_device = 4
frozen_params = 394.632960
total_param_size_to_be_assigned = 236.144650
max_params_in_balanced_partition - min_params_in_balanced_partition = 19.498880
max_params_in_balanced_partition - min_params_in_balanced_partition = 13.107190
{0: 41, 1: 8, 2: 9, 3: 9}
{0: 394.63296, 1: 78.70976000000002, 2: 85.27104000000001, 3: 72.16385000000001}
----------------freeze layer number = 21---------------
[1.08416, 6.56128, 13.11616, 6.56128, 13.11616, 6.56128, 13.11616, 6.56128, 13.11616, 6.56128, 13.11616, 6.56128, 13.11616, 6.56128, 13.11616, 6.56128, 13.11616, 6.56128, 13.11616, 6.56128, 13.11616, 6.56128, 13.11616, 6.56128, 13.11616, 6.56128, 13.11616, 6.56128, 13.11616, 6.56128, 13.11616, 6.56128, 13.11616, 6.56128, 13.11616, 6.56128, 13.11616, 6.56128, 13.11616, 6.56128, 13.11616, 6.56128, 13.11616, 6.56128, 13.11616, 6.56128, 13.11616, 6.56128, 13.11616, 6.56128, 13.11616, 6.56128, 13.11616, 6.56128, 13.11616, 6.56128, 13.11616, 6.56128, 13.11616, 6.56128, 13.11616, 6.56128, 13.11616, 6.56128, 13.11616, 0.00256, 0.01281]
len(model) = 67
len(paras_size) = 67
----------start to detection---------
frozen_params = 414.310400
total_param_size_to_be_assigned = 216.467210
max_params_in_balanced_partition - min_params_in_balanced_partition = 55.583157
max_params_in_balanced_partition - min_params_in_balanced_partition = 0.000000
current_num_device = 4
frozen_params = 414.310400
total_param_size_to_be_assigned = 216.467210
max_params_in_balanced_partition - min_params_in_balanced_partition = 13.116160
max_params_in_balanced_partition - min_params_in_balanced_partition = 13.116160
{0: 43, 1: 7, 2: 8, 3: 9}
{0: 414.3104, 1: 65.59360000000001, 2: 78.70976, 3: 72.16385000000001}
----------------freeze layer number = 22---------------
[1.08416, 6.56128, 13.11616, 6.56128, 13.11616, 6.56128, 13.11616, 6.56128, 13.11616, 6.56128, 13.11616, 6.56128, 13.11616, 6.56128, 13.11616, 6.56128, 13.11616, 6.56128, 13.11616, 6.56128, 13.11616, 6.56128, 13.11616, 6.56128, 13.11616, 6.56128, 13.11616, 6.56128, 13.11616, 6.56128, 13.11616, 6.56128, 13.11616, 6.56128, 13.11616, 6.56128, 13.11616, 6.56128, 13.11616, 6.56128, 13.11616, 6.56128, 13.11616, 6.56128, 13.11616, 6.56128, 13.11616, 6.56128, 13.11616, 6.56128, 13.11616, 6.56128, 13.11616, 6.56128, 13.11616, 6.56128, 13.11616, 6.56128, 13.11616, 6.56128, 13.11616, 6.56128, 13.11616, 6.56128, 13.11616, 0.00256, 0.01281]
len(model) = 67
len(paras_size) = 67
----------start to detection---------
frozen_params = 433.987840
total_param_size_to_be_assigned = 196.789770
max_params_in_balanced_partition - min_params_in_balanced_partition = 71.981023
max_params_in_balanced_partition - min_params_in_balanced_partition = 0.000000
current_num_device = 4
frozen_params = 433.987840
total_param_size_to_be_assigned = 196.789770
max_params_in_balanced_partition - min_params_in_balanced_partition = 13.283617
max_params_in_balanced_partition - min_params_in_balanced_partition = 13.100790
{0: 45, 1: 7, 2: 7, 3: 8}
{0: 433.98784, 1: 65.59360000000001, 2: 72.14848, 3: 59.04769000000001}
----------------freeze layer number = 23---------------
[1.08416, 6.56128, 13.11616, 6.56128, 13.11616, 6.56128, 13.11616, 6.56128, 13.11616, 6.56128, 13.11616, 6.56128, 13.11616, 6.56128, 13.11616, 6.56128, 13.11616, 6.56128, 13.11616, 6.56128, 13.11616, 6.56128, 13.11616, 6.56128, 13.11616, 6.56128, 13.11616, 6.56128, 13.11616, 6.56128, 13.11616, 6.56128, 13.11616, 6.56128, 13.11616, 6.56128, 13.11616, 6.56128, 13.11616, 6.56128, 13.11616, 6.56128, 13.11616, 6.56128, 13.11616, 6.56128, 13.11616, 6.56128, 13.11616, 6.56128, 13.11616, 6.56128, 13.11616, 6.56128, 13.11616, 6.56128, 13.11616, 6.56128, 13.11616, 6.56128, 13.11616, 6.56128, 13.11616, 6.56128, 13.11616, 0.00256, 0.01281]
len(model) = 67
len(paras_size) = 67
----------start to detection---------
frozen_params = 453.665280
total_param_size_to_be_assigned = 177.112330
max_params_in_balanced_partition - min_params_in_balanced_partition = 62.146570
max_params_in_balanced_partition - min_params_in_balanced_partition = 0.000000
current_num_device = 4
frozen_params = 453.665280
total_param_size_to_be_assigned = 177.112330
max_params_in_balanced_partition - min_params_in_balanced_partition = 23.124470
max_params_in_balanced_partition - min_params_in_balanced_partition = 13.107190
{0: 47, 1: 6, 2: 7, 3: 7}
{0: 453.66528, 1: 59.032320000000006, 2: 65.59360000000001, 3: 52.48641}
----------------freeze layer number = 24---------------
[1.08416, 6.56128, 13.11616, 6.56128, 13.11616, 6.56128, 13.11616, 6.56128, 13.11616, 6.56128, 13.11616, 6.56128, 13.11616, 6.56128, 13.11616, 6.56128, 13.11616, 6.56128, 13.11616, 6.56128, 13.11616, 6.56128, 13.11616, 6.56128, 13.11616, 6.56128, 13.11616, 6.56128, 13.11616, 6.56128, 13.11616, 6.56128, 13.11616, 6.56128, 13.11616, 6.56128, 13.11616, 6.56128, 13.11616, 6.56128, 13.11616, 6.56128, 13.11616, 6.56128, 13.11616, 6.56128, 13.11616, 6.56128, 13.11616, 6.56128, 13.11616, 6.56128, 13.11616, 6.56128, 13.11616, 6.56128, 13.11616, 6.56128, 13.11616, 6.56128, 13.11616, 6.56128, 13.11616, 6.56128, 13.11616, 0.00256, 0.01281]
len(model) = 67
len(paras_size) = 67
----------start to detection---------
frozen_params = 473.342720
total_param_size_to_be_assigned = 157.434890
max_params_in_balanced_partition - min_params_in_balanced_partition = 65.421877
max_params_in_balanced_partition - min_params_in_balanced_partition = 0.000000
current_num_device = 4
frozen_params = 473.342720
total_param_size_to_be_assigned = 157.434890
max_params_in_balanced_partition - min_params_in_balanced_partition = 32.974293
max_params_in_balanced_partition - min_params_in_balanced_partition = 13.116160
{0: 49, 1: 5, 2: 6, 3: 7}
{0: 473.34272, 1: 45.916160000000005, 2: 59.03232, 3: 52.48641}
----------------freeze layer number = 25---------------
[1.08416, 6.56128, 13.11616, 6.56128, 13.11616, 6.56128, 13.11616, 6.56128, 13.11616, 6.56128, 13.11616, 6.56128, 13.11616, 6.56128, 13.11616, 6.56128, 13.11616, 6.56128, 13.11616, 6.56128, 13.11616, 6.56128, 13.11616, 6.56128, 13.11616, 6.56128, 13.11616, 6.56128, 13.11616, 6.56128, 13.11616, 6.56128, 13.11616, 6.56128, 13.11616, 6.56128, 13.11616, 6.56128, 13.11616, 6.56128, 13.11616, 6.56128, 13.11616, 6.56128, 13.11616, 6.56128, 13.11616, 6.56128, 13.11616, 6.56128, 13.11616, 6.56128, 13.11616, 6.56128, 13.11616, 6.56128, 13.11616, 6.56128, 13.11616, 6.56128, 13.11616, 6.56128, 13.11616, 6.56128, 13.11616, 0.00256, 0.01281]
len(model) = 67
len(paras_size) = 67
----------start to detection---------
frozen_params = 493.020160
total_param_size_to_be_assigned = 137.757450
max_params_in_balanced_partition - min_params_in_balanced_partition = 55.587423
max_params_in_balanced_partition - min_params_in_balanced_partition = 0.000000
current_num_device = 4
frozen_params = 493.020160
total_param_size_to_be_assigned = 137.757450
max_params_in_balanced_partition - min_params_in_balanced_partition = 42.799777
max_params_in_balanced_partition - min_params_in_balanced_partition = 13.100790
{0: 51, 1: 5, 2: 5, 3: 6}
{0: 493.02016, 1: 45.916160000000005, 2: 52.471039999999995, 3: 39.370250000000006}
----------------freeze layer number = 26---------------
[1.08416, 6.56128, 13.11616, 6.56128, 13.11616, 6.56128, 13.11616, 6.56128, 13.11616, 6.56128, 13.11616, 6.56128, 13.11616, 6.56128, 13.11616, 6.56128, 13.11616, 6.56128, 13.11616, 6.56128, 13.11616, 6.56128, 13.11616, 6.56128, 13.11616, 6.56128, 13.11616, 6.56128, 13.11616, 6.56128, 13.11616, 6.56128, 13.11616, 6.56128, 13.11616, 6.56128, 13.11616, 6.56128, 13.11616, 6.56128, 13.11616, 6.56128, 13.11616, 6.56128, 13.11616, 6.56128, 13.11616, 6.56128, 13.11616, 6.56128, 13.11616, 6.56128, 13.11616, 6.56128, 13.11616, 6.56128, 13.11616, 6.56128, 13.11616, 6.56128, 13.11616, 6.56128, 13.11616, 6.56128, 13.11616, 0.00256, 0.01281]
len(model) = 67
len(paras_size) = 67
----------start to detection---------
frozen_params = 512.697600
total_param_size_to_be_assigned = 118.080010
max_params_in_balanced_partition - min_params_in_balanced_partition = 32.630410
max_params_in_balanced_partition - min_params_in_balanced_partition = 0.000000
current_num_device = 4
frozen_params = 512.697600
total_param_size_to_be_assigned = 118.080010
max_params_in_balanced_partition - min_params_in_balanced_partition = 52.640630
max_params_in_balanced_partition - min_params_in_balanced_partition = 13.107190
{0: 53, 1: 5, 2: 4, 3: 5}
{0: 512.6976, 1: 45.916160000000005, 2: 39.354879999999994, 3: 32.80897}
----------------freeze layer number = 27---------------
[1.08416, 6.56128, 13.11616, 6.56128, 13.11616, 6.56128, 13.11616, 6.56128, 13.11616, 6.56128, 13.11616, 6.56128, 13.11616, 6.56128, 13.11616, 6.56128, 13.11616, 6.56128, 13.11616, 6.56128, 13.11616, 6.56128, 13.11616, 6.56128, 13.11616, 6.56128, 13.11616, 6.56128, 13.11616, 6.56128, 13.11616, 6.56128, 13.11616, 6.56128, 13.11616, 6.56128, 13.11616, 6.56128, 13.11616, 6.56128, 13.11616, 6.56128, 13.11616, 6.56128, 13.11616, 6.56128, 13.11616, 6.56128, 13.11616, 6.56128, 13.11616, 6.56128, 13.11616, 6.56128, 13.11616, 6.56128, 13.11616, 6.56128, 13.11616, 6.56128, 13.11616, 6.56128, 13.11616, 6.56128, 13.11616, 0.00256, 0.01281]
len(model) = 67
len(paras_size) = 67
----------start to detection---------
frozen_params = 532.375040
total_param_size_to_be_assigned = 98.402570
max_params_in_balanced_partition - min_params_in_balanced_partition = 9.673397
max_params_in_balanced_partition - min_params_in_balanced_partition = 0.000000
current_num_device = 4
frozen_params = 532.375040
total_param_size_to_be_assigned = 98.402570
max_params_in_balanced_partition - min_params_in_balanced_partition = 69.036363
max_params_in_balanced_partition - min_params_in_balanced_partition = 19.662070
{0: 55, 1: 4, 2: 4, 3: 4}
{0: 532.37504, 1: 39.35488, 2: 39.35488, 3: 19.69281}
----------------freeze layer number = 28---------------
[1.08416, 6.56128, 13.11616, 6.56128, 13.11616, 6.56128, 13.11616, 6.56128, 13.11616, 6.56128, 13.11616, 6.56128, 13.11616, 6.56128, 13.11616, 6.56128, 13.11616, 6.56128, 13.11616, 6.56128, 13.11616, 6.56128, 13.11616, 6.56128, 13.11616, 6.56128, 13.11616, 6.56128, 13.11616, 6.56128, 13.11616, 6.56128, 13.11616, 6.56128, 13.11616, 6.56128, 13.11616, 6.56128, 13.11616, 6.56128, 13.11616, 6.56128, 13.11616, 6.56128, 13.11616, 6.56128, 13.11616, 6.56128, 13.11616, 6.56128, 13.11616, 6.56128, 13.11616, 6.56128, 13.11616, 6.56128, 13.11616, 6.56128, 13.11616, 6.56128, 13.11616, 6.56128, 13.11616, 6.56128, 13.11616, 0.00256, 0.01281]
len(model) = 67
len(paras_size) = 67
----------start to detection---------
frozen_params = 552.052480
total_param_size_to_be_assigned = 78.725130
max_params_in_balanced_partition - min_params_in_balanced_partition = 13.283617
max_params_in_balanced_partition - min_params_in_balanced_partition = 0.000000
#########    add pipe    #######
current_num_device = 2
frozen_params = 552.052480
total_param_size_to_be_assigned = 78.725130
max_params_in_balanced_partition - min_params_in_balanced_partition = 13.283617
max_params_in_balanced_partition - min_params_in_balanced_partition = 0.000000
{0: 57, 1: 10}
{0: 552.0524800000001, 1: 78.72513000000002}
----------------freeze layer number = 29---------------
[1.08416, 6.56128, 13.11616, 6.56128, 13.11616, 6.56128, 13.11616, 6.56128, 13.11616, 6.56128, 13.11616, 6.56128, 13.11616, 6.56128, 13.11616, 6.56128, 13.11616, 6.56128, 13.11616, 6.56128, 13.11616, 6.56128, 13.11616, 6.56128, 13.11616, 6.56128, 13.11616, 6.56128, 13.11616, 6.56128, 13.11616, 6.56128, 13.11616, 6.56128, 13.11616, 6.56128, 13.11616, 6.56128, 13.11616, 6.56128, 13.11616, 6.56128, 13.11616, 6.56128, 13.11616, 6.56128, 13.11616, 6.56128, 13.11616, 6.56128, 13.11616, 6.56128, 13.11616, 6.56128, 13.11616, 6.56128, 13.11616, 6.56128, 13.11616, 6.56128, 13.11616, 6.56128, 13.11616, 6.56128, 13.11616, 0.00256, 0.01281]
len(model) = 67
len(paras_size) = 67
----------start to detection---------
frozen_params = 571.729920
total_param_size_to_be_assigned = 59.047690
max_params_in_balanced_partition - min_params_in_balanced_partition = 0.000000
#########    add pipe    #######
current_num_device = 1
frozen_params = 571.729920
total_param_size_to_be_assigned = 59.047690
max_params_in_balanced_partition - min_params_in_balanced_partition = 0.000000
{0: 67}
{0: 630.7776100000002}
----------------freeze layer number = 30---------------
[1.08416, 6.56128, 13.11616, 6.56128, 13.11616, 6.56128, 13.11616, 6.56128, 13.11616, 6.56128, 13.11616, 6.56128, 13.11616, 6.56128, 13.11616, 6.56128, 13.11616, 6.56128, 13.11616, 6.56128, 13.11616, 6.56128, 13.11616, 6.56128, 13.11616, 6.56128, 13.11616, 6.56128, 13.11616, 6.56128, 13.11616, 6.56128, 13.11616, 6.56128, 13.11616, 6.56128, 13.11616, 6.56128, 13.11616, 6.56128, 13.11616, 6.56128, 13.11616, 6.56128, 13.11616, 6.56128, 13.11616, 6.56128, 13.11616, 6.56128, 13.11616, 6.56128, 13.11616, 6.56128, 13.11616, 6.56128, 13.11616, 6.56128, 13.11616, 6.56128, 13.11616, 6.56128, 13.11616, 6.56128, 13.11616, 0.00256, 0.01281]
len(model) = 67
len(paras_size) = 67
current_num_device = 1
frozen_params = 591.407360
total_param_size_to_be_assigned = 39.370250
max_params_in_balanced_partition - min_params_in_balanced_partition = 0.000000
{0: 67}
{0: 630.7776100000002}
----------------freeze layer number = 31---------------
[1.08416, 6.56128, 13.11616, 6.56128, 13.11616, 6.56128, 13.11616, 6.56128, 13.11616, 6.56128, 13.11616, 6.56128, 13.11616, 6.56128, 13.11616, 6.56128, 13.11616, 6.56128, 13.11616, 6.56128, 13.11616, 6.56128, 13.11616, 6.56128, 13.11616, 6.56128, 13.11616, 6.56128, 13.11616, 6.56128, 13.11616, 6.56128, 13.11616, 6.56128, 13.11616, 6.56128, 13.11616, 6.56128, 13.11616, 6.56128, 13.11616, 6.56128, 13.11616, 6.56128, 13.11616, 6.56128, 13.11616, 6.56128, 13.11616, 6.56128, 13.11616, 6.56128, 13.11616, 6.56128, 13.11616, 6.56128, 13.11616, 6.56128, 13.11616, 6.56128, 13.11616, 6.56128, 13.11616, 6.56128, 13.11616, 0.00256, 0.01281]
len(model) = 67
len(paras_size) = 67
current_num_device = 1
frozen_params = 611.084800
total_param_size_to_be_assigned = 19.692810
max_params_in_balanced_partition - min_params_in_balanced_partition = 0.000000
{0: 67}
{0: 630.7776100000002}
----------------freeze layer number = 32---------------
[1.08416, 6.56128, 13.11616, 6.56128, 13.11616, 6.56128, 13.11616, 6.56128, 13.11616, 6.56128, 13.11616, 6.56128, 13.11616, 6.56128, 13.11616, 6.56128, 13.11616, 6.56128, 13.11616, 6.56128, 13.11616, 6.56128, 13.11616, 6.56128, 13.11616, 6.56128, 13.11616, 6.56128, 13.11616, 6.56128, 13.11616, 6.56128, 13.11616, 6.56128, 13.11616, 6.56128, 13.11616, 6.56128, 13.11616, 6.56128, 13.11616, 6.56128, 13.11616, 6.56128, 13.11616, 6.56128, 13.11616, 6.56128, 13.11616, 6.56128, 13.11616, 6.56128, 13.11616, 6.56128, 13.11616, 6.56128, 13.11616, 6.56128, 13.11616, 6.56128, 13.11616, 6.56128, 13.11616, 6.56128, 13.11616, 0.00256, 0.01281]
len(model) = 67
len(paras_size) = 67
current_num_device = 1
frozen_params = 630.762240
total_param_size_to_be_assigned = 0.015370
max_params_in_balanced_partition - min_params_in_balanced_partition = 0.000000
{0: 67}
{0: 630.7776100000002}
finished!
